[2024-09-02T08:41:17.695+0000] {manager.py:483} INFO - Processing files using up to 2 processes at a time 
[2024-09-02T08:41:17.696+0000] {manager.py:484} INFO - Process each file at most once every 30 seconds
[2024-09-02T08:41:17.697+0000] {manager.py:485} INFO - Checking for new files in /opt/airflow/dags every 300 seconds
[2024-09-02T08:41:17.698+0000] {manager.py:821} INFO - Searching for files in /opt/airflow/dags
[2024-09-02T08:41:17.700+0000] {manager.py:824} INFO - There are 1 files in /opt/airflow/dags
[2024-09-02T08:41:18.084+0000] {manager.py:997} INFO - 
================================================================================
DAG File Processing Stats

File Path                             PID  Runtime      # DAGs    # Errors  Last Runtime    Last Run      Last # of DB Queries
----------------------------------  -----  ---------  --------  ----------  --------------  ----------  ----------------------
/opt/airflow/dags/dag_northwind.py    220  0.09s             0           0                                                   0
================================================================================
[2024-09-02T08:41:48.491+0000] {manager.py:997} INFO - 
================================================================================
DAG File Processing Stats

File Path                           PID    Runtime      # DAGs    # Errors  Last Runtime    Last Run               Last # of DB Queries
----------------------------------  -----  ---------  --------  ----------  --------------  -------------------  ----------------------
/opt/airflow/dags/dag_northwind.py                           1           0  19.08s          2024-09-02T08:41:36                      28
================================================================================
[2024-09-02T08:42:18.574+0000] {manager.py:997} INFO - 
================================================================================
DAG File Processing Stats

File Path                           PID    Runtime      # DAGs    # Errors  Last Runtime    Last Run               Last # of DB Queries
----------------------------------  -----  ---------  --------  ----------  --------------  -------------------  ----------------------
/opt/airflow/dags/dag_northwind.py                           1           0  0.35s           2024-09-02T08:42:07                      13
================================================================================
[2024-09-02T08:42:48.728+0000] {manager.py:997} INFO - 
================================================================================
DAG File Processing Stats

File Path                           PID    Runtime      # DAGs    # Errors  Last Runtime    Last Run               Last # of DB Queries
----------------------------------  -----  ---------  --------  ----------  --------------  -------------------  ----------------------
/opt/airflow/dags/dag_northwind.py                           1           0  0.17s           2024-09-02T08:42:37                      13
================================================================================
[2024-09-02T08:43:18.987+0000] {manager.py:997} INFO - 
================================================================================
DAG File Processing Stats

File Path                           PID    Runtime      # DAGs    # Errors  Last Runtime    Last Run               Last # of DB Queries
----------------------------------  -----  ---------  --------  ----------  --------------  -------------------  ----------------------
/opt/airflow/dags/dag_northwind.py                           1           0  3.40s           2024-09-02T08:43:11                      13
================================================================================
[2024-09-02T08:43:49.113+0000] {manager.py:997} INFO - 
================================================================================
DAG File Processing Stats

File Path                           PID    Runtime      # DAGs    # Errors  Last Runtime    Last Run               Last # of DB Queries
----------------------------------  -----  ---------  --------  ----------  --------------  -------------------  ----------------------
/opt/airflow/dags/dag_northwind.py                           1           0  3.10s           2024-09-02T08:43:44                      13
================================================================================
[2024-09-02T08:44:19.146+0000] {manager.py:997} INFO - 
================================================================================
DAG File Processing Stats

File Path                           PID    Runtime      # DAGs    # Errors  Last Runtime    Last Run               Last # of DB Queries
----------------------------------  -----  ---------  --------  ----------  --------------  -------------------  ----------------------
/opt/airflow/dags/dag_northwind.py                           1           0  0.18s           2024-09-02T08:44:15                      13
================================================================================
[2024-09-02T08:44:49.298+0000] {manager.py:997} INFO - 
================================================================================
DAG File Processing Stats

File Path                           PID    Runtime      # DAGs    # Errors  Last Runtime    Last Run               Last # of DB Queries
----------------------------------  -----  ---------  --------  ----------  --------------  -------------------  ----------------------
/opt/airflow/dags/dag_northwind.py                           1           0  0.15s           2024-09-02T08:44:45                      13
================================================================================
[2024-09-02T08:45:20.382+0000] {manager.py:997} INFO - 
================================================================================
DAG File Processing Stats

File Path                             PID  Runtime      # DAGs    # Errors  Last Runtime    Last Run               Last # of DB Queries
----------------------------------  -----  ---------  --------  ----------  --------------  -------------------  ----------------------
/opt/airflow/dags/dag_northwind.py    337  3.99s             1           0  0.15s           2024-09-02T08:44:45                      13
================================================================================
[2024-09-02T08:45:50.682+0000] {manager.py:997} INFO - 
================================================================================
DAG File Processing Stats

File Path                           PID    Runtime      # DAGs    # Errors  Last Runtime    Last Run               Last # of DB Queries
----------------------------------  -----  ---------  --------  ----------  --------------  -------------------  ----------------------
/opt/airflow/dags/dag_northwind.py                           1           0  6.69s           2024-09-02T08:45:23                      13
================================================================================
[2024-09-02T08:46:17.782+0000] {manager.py:821} INFO - Searching for files in /opt/airflow/dags
[2024-09-02T08:46:17.785+0000] {manager.py:824} INFO - There are 1 files in /opt/airflow/dags
[2024-09-02T08:46:21.084+0000] {manager.py:997} INFO - 
================================================================================
DAG File Processing Stats

File Path                           PID    Runtime      # DAGs    # Errors  Last Runtime    Last Run               Last # of DB Queries
----------------------------------  -----  ---------  --------  ----------  --------------  -------------------  ----------------------
/opt/airflow/dags/dag_northwind.py                           1           0  6.50s           2024-09-02T08:46:00                      13
================================================================================
[2024-09-02T08:46:51.287+0000] {manager.py:997} INFO - 
================================================================================
DAG File Processing Stats

File Path                           PID    Runtime      # DAGs    # Errors  Last Runtime    Last Run               Last # of DB Queries
----------------------------------  -----  ---------  --------  ----------  --------------  -------------------  ----------------------
/opt/airflow/dags/dag_northwind.py                           1           0  5.00s           2024-09-02T08:46:35                      13
================================================================================
[2024-09-02T08:47:21.581+0000] {manager.py:997} INFO - 
================================================================================
DAG File Processing Stats

File Path                           PID    Runtime      # DAGs    # Errors  Last Runtime    Last Run               Last # of DB Queries
----------------------------------  -----  ---------  --------  ----------  --------------  -------------------  ----------------------
/opt/airflow/dags/dag_northwind.py                           1           0  6.49s           2024-09-02T08:47:12                      13
================================================================================
[2024-09-02T08:47:51.589+0000] {manager.py:997} INFO - 
================================================================================
DAG File Processing Stats

File Path                           PID    Runtime      # DAGs    # Errors  Last Runtime    Last Run               Last # of DB Queries
----------------------------------  -----  ---------  --------  ----------  --------------  -------------------  ----------------------
/opt/airflow/dags/dag_northwind.py                           1           0  5.09s           2024-09-02T08:47:48                      13
================================================================================
[2024-09-02T08:48:22.184+0000] {manager.py:997} INFO - 
================================================================================
DAG File Processing Stats

File Path                             PID  Runtime      # DAGs    # Errors  Last Runtime    Last Run               Last # of DB Queries
----------------------------------  -----  ---------  --------  ----------  --------------  -------------------  ----------------------
/opt/airflow/dags/dag_northwind.py    491  3.69s             1           0  5.09s           2024-09-02T08:47:48                      13
================================================================================
