[2024-09-02T08:50:18.987+0000] {local_task_job_runner.py:123} INFO - ::group::Pre task execution logs
[2024-09-02T08:50:19.386+0000] {taskinstance.py:2603} INFO - Dependencies all met for dep_context=non-requeueable deps ti=<TaskInstance: dag_northwind.transform_data.reports_clients_to_marketing_run scheduled__2024-09-01T00:00:00+00:00 [queued]>
[2024-09-02T08:50:19.686+0000] {taskinstance.py:2603} INFO - Dependencies all met for dep_context=requeueable deps ti=<TaskInstance: dag_northwind.transform_data.reports_clients_to_marketing_run scheduled__2024-09-01T00:00:00+00:00 [queued]>
[2024-09-02T08:50:19.686+0000] {taskinstance.py:2856} INFO - Starting attempt 1 of 3
[2024-09-02T08:50:20.186+0000] {taskinstance.py:2879} INFO - Executing <Task(DbtRunLocalOperator): transform_data.reports_clients_to_marketing_run> on 2024-09-01 00:00:00+00:00
[2024-09-02T08:50:20.194+0000] {logging_mixin.py:190} WARNING - /home/airflow/.local/lib/python3.12/site-packages/airflow/task/task_runner/standard_task_runner.py:70 DeprecationWarning: This process (pid=621) is multi-threaded, use of fork() may lead to deadlocks in the child.
[2024-09-02T08:50:20.195+0000] {standard_task_runner.py:72} INFO - Started process 630 to run task
[2024-09-02T08:50:20.195+0000] {standard_task_runner.py:104} INFO - Running: ['airflow', 'tasks', 'run', 'dag_northwind', 'transform_data.reports_clients_to_marketing_run', 'scheduled__2024-09-01T00:00:00+00:00', '--job-id', '32', '--raw', '--subdir', 'DAGS_FOLDER/dag_northwind.py', '--cfg-path', '/tmp/tmpmjz3xey1']
[2024-09-02T08:50:20.196+0000] {standard_task_runner.py:105} INFO - Job 32: Subtask transform_data.reports_clients_to_marketing_run
[2024-09-02T08:50:21.186+0000] {task_command.py:467} INFO - Running <TaskInstance: dag_northwind.transform_data.reports_clients_to_marketing_run scheduled__2024-09-01T00:00:00+00:00 [running]> on host edf1a788419f
[2024-09-02T08:50:23.089+0000] {taskinstance.py:3122} INFO - Exporting env vars: AIRFLOW_CTX_DAG_OWNER='airflow' AIRFLOW_CTX_DAG_ID='dag_northwind' AIRFLOW_CTX_TASK_ID='transform_data.reports_clients_to_marketing_run' AIRFLOW_CTX_EXECUTION_DATE='2024-09-01T00:00:00+00:00' AIRFLOW_CTX_TRY_NUMBER='1' AIRFLOW_CTX_DAG_RUN_ID='scheduled__2024-09-01T00:00:00+00:00'
[2024-09-02T08:50:23.091+0000] {taskinstance.py:731} INFO - ::endgroup::
[2024-09-02T08:51:04.385+0000] {local.py:186} INFO - dbtRunner is available. Using dbtRunner for invoking dbt.
[2024-09-02T08:51:04.386+0000] {local.py:331} INFO - Cloning project to writable temp directory /tmp/tmp9j6eckea from /opt/airflow/dbt/dbt-northwind-rds/northwind
[2024-09-02T08:51:04.387+0000] {local.py:342} INFO - Partial parse is enabled and the latest partial parse file is /tmp/cosmos/dag_northwind__transform_data/target/partial_parse.msgpack
[2024-09-02T08:51:04.993+0000] {config.py:320} INFO - Profile caching is enable.
[2024-09-02T08:51:05.586+0000] {base.py:84} INFO - Retrieving connection 'postgres_northwind_conn'
[2024-09-02T08:51:05.587+0000] {config.py:300} INFO - Profile found in cache using profile: /tmp/cosmos/profile/ea0ec41412b92407b31789c0ce4c41cea0a2df1cd220891a7703f93bcb509a09/profiles.yml.
[2024-09-02T08:51:05.588+0000] {local.py:303} INFO - Trying to run dbtRunner with:
 ['run', '--models', 'reports_clients_to_marketing', '--project-dir', '/tmp/tmp9j6eckea', '--profiles-dir', '/tmp/cosmos/profile/ea0ec41412b92407b31789c0ce4c41cea0a2df1cd220891a7703f93bcb509a09', '--profile', 'northwind', '--target', 'prod']
 in /tmp/tmp9j6eckea
[2024-09-02T08:51:07.380+0000] {logging_mixin.py:190} INFO - 08:51:07  Running with dbt=1.8.5
[2024-09-02T08:51:15.585+0000] {logging_mixin.py:190} INFO - 08:51:15  Registered adapter: postgres=1.8.2
[2024-09-02T08:51:38.582+0000] {logging_mixin.py:190} INFO - 08:51:38  Found 17 models, 42 data tests, 14 sources, 417 macros
[2024-09-02T08:51:38.686+0000] {logging_mixin.py:190} INFO - 08:51:38
[2024-09-02T08:51:44.086+0000] {logging_mixin.py:190} INFO - 08:51:44  Concurrency: 1 threads (target='prod')
[2024-09-02T08:51:44.280+0000] {logging_mixin.py:190} INFO - 08:51:44
[2024-09-02T08:51:44.291+0000] {logging_mixin.py:190} INFO - 08:51:44  1 of 1 START sql table model northwind_gold.reports_clients_to_marketing ....... [RUN]
[2024-09-02T08:51:47.984+0000] {logging_mixin.py:190} INFO - 08:51:47  1 of 1 OK created sql table model northwind_gold.reports_clients_to_marketing .. [SELECT 53 in 3.60s]
[2024-09-02T08:51:48.689+0000] {logging_mixin.py:190} INFO - 08:51:48
[2024-09-02T08:51:48.690+0000] {logging_mixin.py:190} INFO - 08:51:48  Finished running 1 table model in 0 hours 0 minutes and 10.00 seconds (10.00s).
[2024-09-02T08:51:49.388+0000] {logging_mixin.py:190} INFO - 08:51:49
[2024-09-02T08:51:49.482+0000] {logging_mixin.py:190} INFO - 08:51:49  Completed successfully
[2024-09-02T08:51:49.486+0000] {logging_mixin.py:190} INFO - 08:51:49
[2024-09-02T08:51:49.487+0000] {logging_mixin.py:190} INFO - 08:51:49  Done. PASS=1 WARN=0 ERROR=0 SKIP=0 TOTAL=1
[2024-09-02T08:51:51.093+0000] {local.py:196} WARNING - Artifact schema version: https://schemas.getdbt.com/dbt/manifest/v12.json is above dbt-ol supported version 7. This might cause errors.
[2024-09-02T08:51:51.094+0000] {local.py:196} WARNING - Artifact schema version: https://schemas.getdbt.com/dbt/run-results/v6.json is above dbt-ol supported version 5. This might cause errors.
[2024-09-02T08:51:55.287+0000] {local.py:389} INFO - Inlets: [Dataset(uri='postgres://192.177.0.3:5432/northwind.northwind_intermediate.int_dim_customers', extra=None), Dataset(uri='postgres://192.177.0.3:5432/northwind.northwind_intermediate.int_fact_orders', extra=None)]
[2024-09-02T08:51:55.288+0000] {local.py:390} INFO - Outlets: [Dataset(uri='postgres://192.177.0.3:5432/northwind.northwind_gold.reports_clients_to_marketing', extra=None)]
[2024-09-02T08:51:55.383+0000] {dag.py:3211} INFO - Sync 1 DAGs
[2024-09-02T08:51:55.687+0000] {dag.py:4138} INFO - Setting next_dagrun for dag_northwind to 2024-09-02 00:00:00+00:00, run_after=2024-09-03 00:00:00+00:00
[2024-09-02T08:51:56.094+0000] {taskinstance.py:340} INFO - ::group::Post task execution logs
[2024-09-02T08:51:56.095+0000] {taskinstance.py:352} INFO - Marking task as SUCCESS. dag_id=dag_northwind, task_id=transform_data.reports_clients_to_marketing_run, run_id=scheduled__2024-09-01T00:00:00+00:00, execution_date=20240901T000000, start_date=20240902T085019, end_date=20240902T085156
[2024-09-02T08:51:56.626+0000] {local_task_job_runner.py:261} INFO - Task exited with return code 0
[2024-09-02T08:51:57.387+0000] {taskinstance.py:3891} INFO - 0 downstream tasks scheduled from follow-on schedule check
[2024-09-02T08:51:57.480+0000] {local_task_job_runner.py:240} INFO - ::endgroup::
[2024-09-02T08:51:57.584+0000] {standard_task_runner.py:217} INFO - Process not found (most likely exited), stop collecting metrics
