[2024-09-02T08:48:02.089+0000] {local_task_job_runner.py:123} INFO - ::group::Pre task execution logs
[2024-09-02T08:48:02.384+0000] {taskinstance.py:2603} INFO - Dependencies all met for dep_context=non-requeueable deps ti=<TaskInstance: dag_northwind.transform_data.int_dim_products.run scheduled__2024-09-01T00:00:00+00:00 [queued]>
[2024-09-02T08:48:02.685+0000] {taskinstance.py:2603} INFO - Dependencies all met for dep_context=requeueable deps ti=<TaskInstance: dag_northwind.transform_data.int_dim_products.run scheduled__2024-09-01T00:00:00+00:00 [queued]>
[2024-09-02T08:48:02.686+0000] {taskinstance.py:2856} INFO - Starting attempt 1 of 3
[2024-09-02T08:48:02.894+0000] {taskinstance.py:2879} INFO - Executing <Task(DbtRunLocalOperator): transform_data.int_dim_products.run> on 2024-09-01 00:00:00+00:00
[2024-09-02T08:48:02.988+0000] {logging_mixin.py:190} WARNING - /home/airflow/.local/lib/python3.12/site-packages/airflow/task/task_runner/standard_task_runner.py:70 DeprecationWarning: This process (pid=480) is multi-threaded, use of fork() may lead to deadlocks in the child.
[2024-09-02T08:48:02.988+0000] {standard_task_runner.py:104} INFO - Running: ['airflow', 'tasks', 'run', 'dag_northwind', 'transform_data.int_dim_products.run', 'scheduled__2024-09-01T00:00:00+00:00', '--job-id', '22', '--raw', '--subdir', 'DAGS_FOLDER/dag_northwind.py', '--cfg-path', '/tmp/tmplvee5u_u']
[2024-09-02T08:48:02.989+0000] {standard_task_runner.py:72} INFO - Started process 489 to run task
[2024-09-02T08:48:02.989+0000] {standard_task_runner.py:105} INFO - Job 22: Subtask transform_data.int_dim_products.run
[2024-09-02T08:48:03.790+0000] {task_command.py:467} INFO - Running <TaskInstance: dag_northwind.transform_data.int_dim_products.run scheduled__2024-09-01T00:00:00+00:00 [running]> on host edf1a788419f
[2024-09-02T08:48:05.181+0000] {taskinstance.py:3122} INFO - Exporting env vars: AIRFLOW_CTX_DAG_OWNER='airflow' AIRFLOW_CTX_DAG_ID='dag_northwind' AIRFLOW_CTX_TASK_ID='transform_data.int_dim_products.run' AIRFLOW_CTX_EXECUTION_DATE='2024-09-01T00:00:00+00:00' AIRFLOW_CTX_TRY_NUMBER='1' AIRFLOW_CTX_DAG_RUN_ID='scheduled__2024-09-01T00:00:00+00:00'
[2024-09-02T08:48:05.184+0000] {taskinstance.py:731} INFO - ::endgroup::
[2024-09-02T08:48:31.781+0000] {local.py:186} INFO - dbtRunner is available. Using dbtRunner for invoking dbt.
[2024-09-02T08:48:31.782+0000] {local.py:331} INFO - Cloning project to writable temp directory /tmp/tmpyjrx4t2m from /opt/airflow/dbt/dbt-northwind-rds/northwind
[2024-09-02T08:48:31.785+0000] {local.py:342} INFO - Partial parse is enabled and the latest partial parse file is /tmp/cosmos/dag_northwind__transform_data/target/partial_parse.msgpack
[2024-09-02T08:48:31.992+0000] {config.py:320} INFO - Profile caching is enable.
[2024-09-02T08:48:32.394+0000] {base.py:84} INFO - Retrieving connection 'postgres_northwind_conn'
[2024-09-02T08:48:32.395+0000] {config.py:300} INFO - Profile found in cache using profile: /tmp/cosmos/profile/ea0ec41412b92407b31789c0ce4c41cea0a2df1cd220891a7703f93bcb509a09/profiles.yml.
[2024-09-02T08:48:32.396+0000] {local.py:303} INFO - Trying to run dbtRunner with:
 ['run', '--models', 'int_dim_products', '--project-dir', '/tmp/tmpyjrx4t2m', '--profiles-dir', '/tmp/cosmos/profile/ea0ec41412b92407b31789c0ce4c41cea0a2df1cd220891a7703f93bcb509a09', '--profile', 'northwind', '--target', 'prod']
 in /tmp/tmpyjrx4t2m
[2024-09-02T08:48:33.988+0000] {logging_mixin.py:190} INFO - 08:48:33  Running with dbt=1.8.5
[2024-09-02T08:48:39.986+0000] {logging_mixin.py:190} INFO - 08:48:39  Registered adapter: postgres=1.8.2
[2024-09-02T08:48:53.481+0000] {logging_mixin.py:190} INFO - 08:48:53  Found 17 models, 42 data tests, 14 sources, 417 macros
[2024-09-02T08:48:53.489+0000] {logging_mixin.py:190} INFO - 08:48:53
[2024-09-02T08:48:56.185+0000] {logging_mixin.py:190} INFO - 08:48:56  Concurrency: 1 threads (target='prod')
[2024-09-02T08:48:56.186+0000] {logging_mixin.py:190} INFO - 08:48:56
[2024-09-02T08:48:56.286+0000] {logging_mixin.py:190} INFO - 08:48:56  1 of 1 START sql table model northwind_intermediate.dim_products ............... [RUN]
[2024-09-02T08:48:58.287+0000] {logging_mixin.py:190} INFO - 08:48:58  1 of 1 OK created sql table model northwind_intermediate.dim_products .......... [SELECT 77 in 1.90s]
[2024-09-02T08:48:58.687+0000] {logging_mixin.py:190} INFO - 08:48:58
[2024-09-02T08:48:58.689+0000] {logging_mixin.py:190} INFO - 08:48:58  Finished running 1 table model in 0 hours 0 minutes and 5.20 seconds (5.20s).
[2024-09-02T08:48:59.487+0000] {logging_mixin.py:190} INFO - 08:48:59
[2024-09-02T08:48:59.488+0000] {logging_mixin.py:190} INFO - 08:48:59  Completed successfully
[2024-09-02T08:48:59.582+0000] {logging_mixin.py:190} INFO - 08:48:59
[2024-09-02T08:48:59.584+0000] {logging_mixin.py:190} INFO - 08:48:59  Done. PASS=1 WARN=0 ERROR=0 SKIP=0 TOTAL=1
[2024-09-02T08:49:00.281+0000] {local.py:196} WARNING - Artifact schema version: https://schemas.getdbt.com/dbt/manifest/v12.json is above dbt-ol supported version 7. This might cause errors.
[2024-09-02T08:49:00.281+0000] {local.py:196} WARNING - Artifact schema version: https://schemas.getdbt.com/dbt/run-results/v6.json is above dbt-ol supported version 5. This might cause errors.
[2024-09-02T08:49:01.983+0000] {local.py:389} INFO - Inlets: [Dataset(uri='postgres://192.177.0.3:5432/northwind.northwind_staging.staging_dim_products', extra=None)]
[2024-09-02T08:49:01.985+0000] {local.py:390} INFO - Outlets: [Dataset(uri='postgres://192.177.0.3:5432/northwind.northwind_intermediate.int_dim_products', extra=None)]
[2024-09-02T08:49:01.986+0000] {dag.py:3211} INFO - Sync 1 DAGs
[2024-09-02T08:49:02.291+0000] {dag.py:4138} INFO - Setting next_dagrun for dag_northwind to 2024-09-02 00:00:00+00:00, run_after=2024-09-03 00:00:00+00:00
[2024-09-02T08:49:03.490+0000] {taskinstance.py:340} INFO - ::group::Post task execution logs
[2024-09-02T08:49:03.490+0000] {taskinstance.py:352} INFO - Marking task as SUCCESS. dag_id=dag_northwind, task_id=transform_data.int_dim_products.run, run_id=scheduled__2024-09-01T00:00:00+00:00, execution_date=20240901T000000, start_date=20240902T084802, end_date=20240902T084903
[2024-09-02T08:49:04.410+0000] {local_task_job_runner.py:261} INFO - Task exited with return code 0
[2024-09-02T08:49:05.084+0000] {taskinstance.py:3891} INFO - 1 downstream tasks scheduled from follow-on schedule check
[2024-09-02T08:49:05.090+0000] {local_task_job_runner.py:240} INFO - ::endgroup::
