[2024-09-02T08:48:01.605+0000] {local_task_job_runner.py:123} INFO - ::group::Pre task execution logs
[2024-09-02T08:48:01.788+0000] {taskinstance.py:2603} INFO - Dependencies all met for dep_context=non-requeueable deps ti=<TaskInstance: dag_northwind.transform_data.int_dim_employees.run scheduled__2024-09-01T00:00:00+00:00 [queued]>
[2024-09-02T08:48:01.989+0000] {taskinstance.py:2603} INFO - Dependencies all met for dep_context=requeueable deps ti=<TaskInstance: dag_northwind.transform_data.int_dim_employees.run scheduled__2024-09-01T00:00:00+00:00 [queued]>
[2024-09-02T08:48:01.989+0000] {taskinstance.py:2856} INFO - Starting attempt 1 of 3
[2024-09-02T08:48:02.190+0000] {taskinstance.py:2879} INFO - Executing <Task(DbtRunLocalOperator): transform_data.int_dim_employees.run> on 2024-09-01 00:00:00+00:00
[2024-09-02T08:48:02.287+0000] {standard_task_runner.py:104} INFO - Running: ['airflow', 'tasks', 'run', 'dag_northwind', 'transform_data.int_dim_employees.run', 'scheduled__2024-09-01T00:00:00+00:00', '--job-id', '18', '--raw', '--subdir', 'DAGS_FOLDER/dag_northwind.py', '--cfg-path', '/tmp/tmp4syt41yc']
[2024-09-02T08:48:02.288+0000] {standard_task_runner.py:105} INFO - Job 18: Subtask transform_data.int_dim_employees.run
[2024-09-02T08:48:02.384+0000] {logging_mixin.py:190} WARNING - /home/airflow/.local/lib/python3.12/site-packages/airflow/task/task_runner/standard_task_runner.py:70 DeprecationWarning: This process (pid=479) is multi-threaded, use of fork() may lead to deadlocks in the child.
[2024-09-02T08:48:02.386+0000] {standard_task_runner.py:72} INFO - Started process 481 to run task
[2024-09-02T08:48:03.185+0000] {task_command.py:467} INFO - Running <TaskInstance: dag_northwind.transform_data.int_dim_employees.run scheduled__2024-09-01T00:00:00+00:00 [running]> on host edf1a788419f
[2024-09-02T08:48:04.588+0000] {taskinstance.py:3122} INFO - Exporting env vars: AIRFLOW_CTX_DAG_OWNER='airflow' AIRFLOW_CTX_DAG_ID='dag_northwind' AIRFLOW_CTX_TASK_ID='transform_data.int_dim_employees.run' AIRFLOW_CTX_EXECUTION_DATE='2024-09-01T00:00:00+00:00' AIRFLOW_CTX_TRY_NUMBER='1' AIRFLOW_CTX_DAG_RUN_ID='scheduled__2024-09-01T00:00:00+00:00'
[2024-09-02T08:48:04.680+0000] {taskinstance.py:731} INFO - ::endgroup::
[2024-09-02T08:48:30.484+0000] {local.py:186} INFO - dbtRunner is available. Using dbtRunner for invoking dbt.
[2024-09-02T08:48:30.485+0000] {local.py:331} INFO - Cloning project to writable temp directory /tmp/tmpaoq8k9o5 from /opt/airflow/dbt/dbt-northwind-rds/northwind
[2024-09-02T08:48:30.487+0000] {local.py:342} INFO - Partial parse is enabled and the latest partial parse file is /tmp/cosmos/dag_northwind__transform_data/target/partial_parse.msgpack
[2024-09-02T08:48:30.688+0000] {config.py:320} INFO - Profile caching is enable.
[2024-09-02T08:48:30.983+0000] {base.py:84} INFO - Retrieving connection 'postgres_northwind_conn'
[2024-09-02T08:48:30.984+0000] {config.py:300} INFO - Profile found in cache using profile: /tmp/cosmos/profile/ea0ec41412b92407b31789c0ce4c41cea0a2df1cd220891a7703f93bcb509a09/profiles.yml.
[2024-09-02T08:48:30.985+0000] {local.py:303} INFO - Trying to run dbtRunner with:
 ['run', '--models', 'int_dim_employees', '--project-dir', '/tmp/tmpaoq8k9o5', '--profiles-dir', '/tmp/cosmos/profile/ea0ec41412b92407b31789c0ce4c41cea0a2df1cd220891a7703f93bcb509a09', '--profile', 'northwind', '--target', 'prod']
 in /tmp/tmpaoq8k9o5
[2024-09-02T08:48:32.586+0000] {logging_mixin.py:190} INFO - 08:48:32  Running with dbt=1.8.5
[2024-09-02T08:48:37.993+0000] {logging_mixin.py:190} INFO - 08:48:37  Registered adapter: postgres=1.8.2
