[2024-09-02T08:44:57.296+0000] {local_task_job_runner.py:123} INFO - ::group::Pre task execution logs
[2024-09-02T08:44:57.586+0000] {taskinstance.py:2603} INFO - Dependencies all met for dep_context=non-requeueable deps ti=<TaskInstance: dag_northwind.transform_data.staging_dim_employees.run scheduled__2024-09-01T00:00:00+00:00 [queued]>
[2024-09-02T08:44:57.782+0000] {taskinstance.py:2603} INFO - Dependencies all met for dep_context=requeueable deps ti=<TaskInstance: dag_northwind.transform_data.staging_dim_employees.run scheduled__2024-09-01T00:00:00+00:00 [queued]>
[2024-09-02T08:44:57.783+0000] {taskinstance.py:2856} INFO - Starting attempt 2 of 4
[2024-09-02T08:44:57.988+0000] {taskinstance.py:2879} INFO - Executing <Task(DbtRunLocalOperator): transform_data.staging_dim_employees.run> on 2024-09-01 00:00:00+00:00
[2024-09-02T08:44:58.092+0000] {logging_mixin.py:190} WARNING - /home/airflow/.local/lib/python3.12/site-packages/airflow/task/task_runner/standard_task_runner.py:70 DeprecationWarning: This process (pid=320) is multi-threaded, use of fork() may lead to deadlocks in the child.
[2024-09-02T08:44:58.093+0000] {standard_task_runner.py:72} INFO - Started process 323 to run task
[2024-09-02T08:44:58.184+0000] {standard_task_runner.py:104} INFO - Running: ['airflow', 'tasks', 'run', 'dag_northwind', 'transform_data.staging_dim_employees.run', 'scheduled__2024-09-01T00:00:00+00:00', '--job-id', '8', '--raw', '--subdir', 'DAGS_FOLDER/dag_northwind.py', '--cfg-path', '/tmp/tmpzwstmlt_']
[2024-09-02T08:44:58.186+0000] {standard_task_runner.py:105} INFO - Job 8: Subtask transform_data.staging_dim_employees.run
[2024-09-02T08:44:58.988+0000] {task_command.py:467} INFO - Running <TaskInstance: dag_northwind.transform_data.staging_dim_employees.run scheduled__2024-09-01T00:00:00+00:00 [running]> on host edf1a788419f
[2024-09-02T08:45:00.082+0000] {taskinstance.py:3122} INFO - Exporting env vars: AIRFLOW_CTX_DAG_OWNER='airflow' AIRFLOW_CTX_DAG_ID='dag_northwind' AIRFLOW_CTX_TASK_ID='transform_data.staging_dim_employees.run' AIRFLOW_CTX_EXECUTION_DATE='2024-09-01T00:00:00+00:00' AIRFLOW_CTX_TRY_NUMBER='2' AIRFLOW_CTX_DAG_RUN_ID='scheduled__2024-09-01T00:00:00+00:00'
[2024-09-02T08:45:00.084+0000] {taskinstance.py:731} INFO - ::endgroup::
[2024-09-02T08:45:32.787+0000] {local.py:186} INFO - dbtRunner is available. Using dbtRunner for invoking dbt.
[2024-09-02T08:45:32.788+0000] {local.py:331} INFO - Cloning project to writable temp directory /tmp/tmpv93xu_c4 from /opt/airflow/dbt/dbt-northwind-rds/northwind
[2024-09-02T08:45:32.789+0000] {local.py:342} INFO - Partial parse is enabled and the latest partial parse file is /tmp/cosmos/dag_northwind__transform_data/target/partial_parse.msgpack
[2024-09-02T08:45:32.988+0000] {config.py:320} INFO - Profile caching is enable.
[2024-09-02T08:45:33.288+0000] {base.py:84} INFO - Retrieving connection 'postgres_northwind_conn'
[2024-09-02T08:45:33.289+0000] {config.py:300} INFO - Profile found in cache using profile: /tmp/cosmos/profile/ea0ec41412b92407b31789c0ce4c41cea0a2df1cd220891a7703f93bcb509a09/profiles.yml.
[2024-09-02T08:45:33.289+0000] {local.py:303} INFO - Trying to run dbtRunner with:
 ['run', '--models', 'staging_dim_employees', '--project-dir', '/tmp/tmpv93xu_c4', '--profiles-dir', '/tmp/cosmos/profile/ea0ec41412b92407b31789c0ce4c41cea0a2df1cd220891a7703f93bcb509a09', '--profile', 'northwind', '--target', 'prod']
 in /tmp/tmpv93xu_c4
[2024-09-02T08:45:34.582+0000] {logging_mixin.py:190} INFO - 08:45:34  Running with dbt=1.8.5
[2024-09-02T08:45:42.687+0000] {logging_mixin.py:190} INFO - 08:45:42  Registered adapter: postgres=1.8.2
[2024-09-02T08:45:45.889+0000] {logging_mixin.py:190} INFO - 08:45:45  Unable to do partial parsing because profile has changed
[2024-09-02T08:46:31.386+0000] {logging_mixin.py:190} INFO - 08:46:31  Found 17 models, 42 data tests, 14 sources, 417 macros
[2024-09-02T08:46:31.584+0000] {logging_mixin.py:190} INFO - 08:46:31
[2024-09-02T08:46:34.587+0000] {logging_mixin.py:190} INFO - 08:46:34  Concurrency: 1 threads (target='prod')
[2024-09-02T08:46:34.588+0000] {logging_mixin.py:190} INFO - 08:46:34
[2024-09-02T08:46:34.887+0000] {logging_mixin.py:190} INFO - 08:46:34  1 of 1 START sql table model northwind_staging.dim_employees ................... [RUN]
[2024-09-02T08:46:37.687+0000] {logging_mixin.py:190} INFO - 08:46:37  1 of 1 OK created sql table model northwind_staging.dim_employees .............. [SELECT 9 in 2.70s]
[2024-09-02T08:46:38.096+0000] {logging_mixin.py:190} INFO - 08:46:38
[2024-09-02T08:46:38.097+0000] {logging_mixin.py:190} INFO - 08:46:38  Finished running 1 table model in 0 hours 0 minutes and 6.51 seconds (6.51s).
[2024-09-02T08:46:39.185+0000] {logging_mixin.py:190} INFO - 08:46:39
[2024-09-02T08:46:39.188+0000] {logging_mixin.py:190} INFO - 08:46:39  Completed successfully
[2024-09-02T08:46:39.189+0000] {logging_mixin.py:190} INFO - 08:46:39
[2024-09-02T08:46:39.281+0000] {logging_mixin.py:190} INFO - 08:46:39  Done. PASS=1 WARN=0 ERROR=0 SKIP=0 TOTAL=1
[2024-09-02T08:46:40.188+0000] {local.py:196} WARNING - Artifact schema version: https://schemas.getdbt.com/dbt/manifest/v12.json is above dbt-ol supported version 7. This might cause errors.
[2024-09-02T08:46:40.188+0000] {local.py:196} WARNING - Artifact schema version: https://schemas.getdbt.com/dbt/run-results/v6.json is above dbt-ol supported version 5. This might cause errors.
[2024-09-02T08:46:45.482+0000] {local.py:389} INFO - Inlets: [Dataset(uri='postgres://192.177.0.3:5432/northwind.public.employees', extra=None)]
[2024-09-02T08:46:45.482+0000] {local.py:390} INFO - Outlets: [Dataset(uri='postgres://192.177.0.3:5432/northwind.northwind_staging.staging_dim_employees', extra=None)]
[2024-09-02T08:46:45.483+0000] {dag.py:3211} INFO - Sync 1 DAGs
[2024-09-02T08:46:45.988+0000] {dag.py:4138} INFO - Setting next_dagrun for dag_northwind to 2024-09-02 00:00:00+00:00, run_after=2024-09-03 00:00:00+00:00
[2024-09-02T08:46:46.891+0000] {taskinstance.py:340} INFO - ::group::Post task execution logs
[2024-09-02T08:46:46.892+0000] {taskinstance.py:352} INFO - Marking task as SUCCESS. dag_id=dag_northwind, task_id=transform_data.staging_dim_employees.run, run_id=scheduled__2024-09-01T00:00:00+00:00, execution_date=20240901T000000, start_date=20240902T084457, end_date=20240902T084646
[2024-09-02T08:46:47.420+0000] {local_task_job_runner.py:261} INFO - Task exited with return code 0
[2024-09-02T08:46:47.492+0000] {local_task_job_runner.py:240} INFO - ::endgroup::
