[2024-09-02T08:44:57.581+0000] {local_task_job_runner.py:123} INFO - ::group::Pre task execution logs
[2024-09-02T08:44:57.785+0000] {taskinstance.py:2603} INFO - Dependencies all met for dep_context=non-requeueable deps ti=<TaskInstance: dag_northwind.transform_data.staging_dim_shippers.run scheduled__2024-09-01T00:00:00+00:00 [queued]>
[2024-09-02T08:44:57.988+0000] {taskinstance.py:2603} INFO - Dependencies all met for dep_context=requeueable deps ti=<TaskInstance: dag_northwind.transform_data.staging_dim_shippers.run scheduled__2024-09-01T00:00:00+00:00 [queued]>
[2024-09-02T08:44:57.989+0000] {taskinstance.py:2856} INFO - Starting attempt 2 of 4
[2024-09-02T08:44:58.192+0000] {taskinstance.py:2879} INFO - Executing <Task(DbtRunLocalOperator): transform_data.staging_dim_shippers.run> on 2024-09-01 00:00:00+00:00
[2024-09-02T08:44:58.281+0000] {standard_task_runner.py:104} INFO - Running: ['airflow', 'tasks', 'run', 'dag_northwind', 'transform_data.staging_dim_shippers.run', 'scheduled__2024-09-01T00:00:00+00:00', '--job-id', '10', '--raw', '--subdir', 'DAGS_FOLDER/dag_northwind.py', '--cfg-path', '/tmp/tmp2imtml3l']
[2024-09-02T08:44:58.285+0000] {standard_task_runner.py:105} INFO - Job 10: Subtask transform_data.staging_dim_shippers.run
[2024-09-02T08:44:58.287+0000] {logging_mixin.py:190} WARNING - /home/airflow/.local/lib/python3.12/site-packages/airflow/task/task_runner/standard_task_runner.py:70 DeprecationWarning: This process (pid=318) is multi-threaded, use of fork() may lead to deadlocks in the child.
[2024-09-02T08:44:58.287+0000] {standard_task_runner.py:72} INFO - Started process 325 to run task
[2024-09-02T08:44:59.083+0000] {task_command.py:467} INFO - Running <TaskInstance: dag_northwind.transform_data.staging_dim_shippers.run scheduled__2024-09-01T00:00:00+00:00 [running]> on host edf1a788419f
[2024-09-02T08:45:00.384+0000] {taskinstance.py:3122} INFO - Exporting env vars: AIRFLOW_CTX_DAG_OWNER='airflow' AIRFLOW_CTX_DAG_ID='dag_northwind' AIRFLOW_CTX_TASK_ID='transform_data.staging_dim_shippers.run' AIRFLOW_CTX_EXECUTION_DATE='2024-09-01T00:00:00+00:00' AIRFLOW_CTX_TRY_NUMBER='2' AIRFLOW_CTX_DAG_RUN_ID='scheduled__2024-09-01T00:00:00+00:00'
[2024-09-02T08:45:00.387+0000] {taskinstance.py:731} INFO - ::endgroup::
[2024-09-02T08:45:35.186+0000] {local.py:186} INFO - dbtRunner is available. Using dbtRunner for invoking dbt.
[2024-09-02T08:45:35.188+0000] {local.py:331} INFO - Cloning project to writable temp directory /tmp/tmp0u_jtfve from /opt/airflow/dbt/dbt-northwind-rds/northwind
[2024-09-02T08:45:35.189+0000] {local.py:342} INFO - Partial parse is enabled and the latest partial parse file is /tmp/cosmos/dag_northwind__transform_data/target/partial_parse.msgpack
[2024-09-02T08:45:35.486+0000] {config.py:320} INFO - Profile caching is enable.
[2024-09-02T08:45:35.981+0000] {base.py:84} INFO - Retrieving connection 'postgres_northwind_conn'
[2024-09-02T08:45:35.983+0000] {config.py:300} INFO - Profile found in cache using profile: /tmp/cosmos/profile/ea0ec41412b92407b31789c0ce4c41cea0a2df1cd220891a7703f93bcb509a09/profiles.yml.
[2024-09-02T08:45:35.984+0000] {local.py:303} INFO - Trying to run dbtRunner with:
 ['run', '--models', 'staging_dim_shippers', '--project-dir', '/tmp/tmp0u_jtfve', '--profiles-dir', '/tmp/cosmos/profile/ea0ec41412b92407b31789c0ce4c41cea0a2df1cd220891a7703f93bcb509a09', '--profile', 'northwind', '--target', 'prod']
 in /tmp/tmp0u_jtfve
[2024-09-02T08:45:37.288+0000] {logging_mixin.py:190} INFO - 08:45:37  Running with dbt=1.8.5
[2024-09-02T08:45:46.683+0000] {logging_mixin.py:190} INFO - 08:45:46  Registered adapter: postgres=1.8.2
[2024-09-02T08:45:50.486+0000] {logging_mixin.py:190} INFO - 08:45:50  Unable to do partial parsing because profile has changed
[2024-09-02T08:46:39.493+0000] {logging_mixin.py:190} INFO - 08:46:39  Found 17 models, 42 data tests, 14 sources, 417 macros
[2024-09-02T08:46:39.496+0000] {logging_mixin.py:190} INFO - 08:46:39
[2024-09-02T08:46:41.986+0000] {logging_mixin.py:190} INFO - 08:46:41  Concurrency: 1 threads (target='prod')
[2024-09-02T08:46:41.987+0000] {logging_mixin.py:190} INFO - 08:46:41
[2024-09-02T08:46:41.991+0000] {logging_mixin.py:190} INFO - 08:46:41  1 of 1 START sql table model northwind_staging.dim_shippers .................... [RUN]
[2024-09-02T08:46:43.787+0000] {logging_mixin.py:190} INFO - 08:46:43  1 of 1 OK created sql table model northwind_staging.dim_shippers ............... [SELECT 6 in 1.79s]
[2024-09-02T08:46:44.086+0000] {logging_mixin.py:190} INFO - 08:46:44
[2024-09-02T08:46:44.087+0000] {logging_mixin.py:190} INFO - 08:46:44  Finished running 1 table model in 0 hours 0 minutes and 4.59 seconds (4.59s).
[2024-09-02T08:46:44.887+0000] {logging_mixin.py:190} INFO - 08:46:44
[2024-09-02T08:46:44.887+0000] {logging_mixin.py:190} INFO - 08:46:44  Completed successfully
[2024-09-02T08:46:44.888+0000] {logging_mixin.py:190} INFO - 08:46:44
[2024-09-02T08:46:44.888+0000] {logging_mixin.py:190} INFO - 08:46:44  Done. PASS=1 WARN=0 ERROR=0 SKIP=0 TOTAL=1
[2024-09-02T08:46:45.801+0000] {local.py:196} WARNING - Artifact schema version: https://schemas.getdbt.com/dbt/manifest/v12.json is above dbt-ol supported version 7. This might cause errors.
[2024-09-02T08:46:45.802+0000] {local.py:196} WARNING - Artifact schema version: https://schemas.getdbt.com/dbt/run-results/v6.json is above dbt-ol supported version 5. This might cause errors.
[2024-09-02T08:46:47.086+0000] {local.py:389} INFO - Inlets: [Dataset(uri='postgres://192.177.0.3:5432/northwind.public.shippers', extra=None)]
[2024-09-02T08:46:47.087+0000] {local.py:390} INFO - Outlets: [Dataset(uri='postgres://192.177.0.3:5432/northwind.northwind_staging.staging_dim_shippers', extra=None)]
[2024-09-02T08:46:47.087+0000] {dag.py:3211} INFO - Sync 1 DAGs
[2024-09-02T08:46:47.480+0000] {dag.py:4138} INFO - Setting next_dagrun for dag_northwind to 2024-09-02 00:00:00+00:00, run_after=2024-09-03 00:00:00+00:00
[2024-09-02T08:46:48.095+0000] {taskinstance.py:340} INFO - ::group::Post task execution logs
[2024-09-02T08:46:48.095+0000] {taskinstance.py:352} INFO - Marking task as SUCCESS. dag_id=dag_northwind, task_id=transform_data.staging_dim_shippers.run, run_id=scheduled__2024-09-01T00:00:00+00:00, execution_date=20240901T000000, start_date=20240902T084457, end_date=20240902T084648
[2024-09-02T08:46:48.222+0000] {local_task_job_runner.py:261} INFO - Task exited with return code 0
[2024-09-02T08:46:48.302+0000] {taskinstance.py:3891} INFO - 1 downstream tasks scheduled from follow-on schedule check
[2024-09-02T08:46:48.305+0000] {local_task_job_runner.py:240} INFO - ::endgroup::
