[2024-09-02T08:44:57.493+0000] {local_task_job_runner.py:123} INFO - ::group::Pre task execution logs
[2024-09-02T08:44:57.788+0000] {taskinstance.py:2603} INFO - Dependencies all met for dep_context=non-requeueable deps ti=<TaskInstance: dag_northwind.transform_data.staging_dim_customers.run scheduled__2024-09-01T00:00:00+00:00 [queued]>
[2024-09-02T08:44:58.087+0000] {taskinstance.py:2603} INFO - Dependencies all met for dep_context=requeueable deps ti=<TaskInstance: dag_northwind.transform_data.staging_dim_customers.run scheduled__2024-09-01T00:00:00+00:00 [queued]>
[2024-09-02T08:44:58.088+0000] {taskinstance.py:2856} INFO - Starting attempt 2 of 4
[2024-09-02T08:44:58.389+0000] {taskinstance.py:2879} INFO - Executing <Task(DbtRunLocalOperator): transform_data.staging_dim_customers.run> on 2024-09-01 00:00:00+00:00
[2024-09-02T08:44:58.488+0000] {standard_task_runner.py:104} INFO - Running: ['airflow', 'tasks', 'run', 'dag_northwind', 'transform_data.staging_dim_customers.run', 'scheduled__2024-09-01T00:00:00+00:00', '--job-id', '12', '--raw', '--subdir', 'DAGS_FOLDER/dag_northwind.py', '--cfg-path', '/tmp/tmpuqoockna']
[2024-09-02T08:44:58.580+0000] {logging_mixin.py:190} WARNING - /home/airflow/.local/lib/python3.12/site-packages/airflow/task/task_runner/standard_task_runner.py:70 DeprecationWarning: This process (pid=317) is multi-threaded, use of fork() may lead to deadlocks in the child.
[2024-09-02T08:44:58.580+0000] {standard_task_runner.py:105} INFO - Job 12: Subtask transform_data.staging_dim_customers.run
[2024-09-02T08:44:58.581+0000] {standard_task_runner.py:72} INFO - Started process 327 to run task
[2024-09-02T08:44:59.184+0000] {task_command.py:467} INFO - Running <TaskInstance: dag_northwind.transform_data.staging_dim_customers.run scheduled__2024-09-01T00:00:00+00:00 [running]> on host edf1a788419f
[2024-09-02T08:45:00.393+0000] {taskinstance.py:3122} INFO - Exporting env vars: AIRFLOW_CTX_DAG_OWNER='airflow' AIRFLOW_CTX_DAG_ID='dag_northwind' AIRFLOW_CTX_TASK_ID='transform_data.staging_dim_customers.run' AIRFLOW_CTX_EXECUTION_DATE='2024-09-01T00:00:00+00:00' AIRFLOW_CTX_TRY_NUMBER='2' AIRFLOW_CTX_DAG_RUN_ID='scheduled__2024-09-01T00:00:00+00:00'
[2024-09-02T08:45:00.396+0000] {taskinstance.py:731} INFO - ::endgroup::
[2024-09-02T08:45:31.685+0000] {local.py:186} INFO - dbtRunner is available. Using dbtRunner for invoking dbt.
[2024-09-02T08:45:31.688+0000] {local.py:331} INFO - Cloning project to writable temp directory /tmp/tmpjmk96ism from /opt/airflow/dbt/dbt-northwind-rds/northwind
[2024-09-02T08:45:31.780+0000] {local.py:342} INFO - Partial parse is enabled and the latest partial parse file is /tmp/cosmos/dag_northwind__transform_data/target/partial_parse.msgpack
[2024-09-02T08:45:31.987+0000] {config.py:320} INFO - Profile caching is enable.
[2024-09-02T08:45:32.291+0000] {base.py:84} INFO - Retrieving connection 'postgres_northwind_conn'
[2024-09-02T08:45:32.292+0000] {config.py:300} INFO - Profile found in cache using profile: /tmp/cosmos/profile/ea0ec41412b92407b31789c0ce4c41cea0a2df1cd220891a7703f93bcb509a09/profiles.yml.
[2024-09-02T08:45:32.292+0000] {local.py:303} INFO - Trying to run dbtRunner with:
 ['run', '--models', 'staging_dim_customers', '--project-dir', '/tmp/tmpjmk96ism', '--profiles-dir', '/tmp/cosmos/profile/ea0ec41412b92407b31789c0ce4c41cea0a2df1cd220891a7703f93bcb509a09', '--profile', 'northwind', '--target', 'prod']
 in /tmp/tmpjmk96ism
[2024-09-02T08:45:33.493+0000] {logging_mixin.py:190} INFO - 08:45:33  Running with dbt=1.8.5
[2024-09-02T08:45:39.886+0000] {logging_mixin.py:190} INFO - 08:45:39  Registered adapter: postgres=1.8.2
[2024-09-02T08:45:44.189+0000] {logging_mixin.py:190} INFO - 08:45:44  Unable to do partial parsing because profile has changed
[2024-09-02T08:46:31.789+0000] {logging_mixin.py:190} INFO - 08:46:31  Found 17 models, 42 data tests, 14 sources, 417 macros
[2024-09-02T08:46:31.888+0000] {logging_mixin.py:190} INFO - 08:46:31
[2024-09-02T08:46:34.487+0000] {logging_mixin.py:190} INFO - 08:46:34  Concurrency: 1 threads (target='prod')
[2024-09-02T08:46:34.489+0000] {logging_mixin.py:190} INFO - 08:46:34
[2024-09-02T08:46:34.885+0000] {logging_mixin.py:190} INFO - 08:46:34  1 of 1 START sql table model northwind_staging.dim_customers ................... [RUN]
[2024-09-02T08:46:37.986+0000] {logging_mixin.py:190} INFO - 08:46:37  1 of 1 OK created sql table model northwind_staging.dim_customers .............. [SELECT 91 in 3.10s]
[2024-09-02T08:46:38.187+0000] {logging_mixin.py:190} INFO - 08:46:38
[2024-09-02T08:46:38.188+0000] {logging_mixin.py:190} INFO - 08:46:38  Finished running 1 table model in 0 hours 0 minutes and 6.30 seconds (6.30s).
[2024-09-02T08:46:39.285+0000] {logging_mixin.py:190} INFO - 08:46:39
[2024-09-02T08:46:39.288+0000] {logging_mixin.py:190} INFO - 08:46:39  Completed successfully
[2024-09-02T08:46:39.381+0000] {logging_mixin.py:190} INFO - 08:46:39
[2024-09-02T08:46:39.383+0000] {logging_mixin.py:190} INFO - 08:46:39  Done. PASS=1 WARN=0 ERROR=0 SKIP=0 TOTAL=1
[2024-09-02T08:46:40.098+0000] {local.py:196} WARNING - Artifact schema version: https://schemas.getdbt.com/dbt/manifest/v12.json is above dbt-ol supported version 7. This might cause errors.
[2024-09-02T08:46:40.098+0000] {local.py:196} WARNING - Artifact schema version: https://schemas.getdbt.com/dbt/run-results/v6.json is above dbt-ol supported version 5. This might cause errors.
[2024-09-02T08:46:45.297+0000] {local.py:389} INFO - Inlets: [Dataset(uri='postgres://192.177.0.3:5432/northwind.public.customers', extra=None)]
[2024-09-02T08:46:45.297+0000] {local.py:390} INFO - Outlets: [Dataset(uri='postgres://192.177.0.3:5432/northwind.northwind_staging.staging_dim_customers', extra=None)]
[2024-09-02T08:46:45.298+0000] {dag.py:3211} INFO - Sync 1 DAGs
[2024-09-02T08:46:46.289+0000] {dag.py:4138} INFO - Setting next_dagrun for dag_northwind to 2024-09-02 00:00:00+00:00, run_after=2024-09-03 00:00:00+00:00
[2024-09-02T08:46:47.394+0000] {taskinstance.py:340} INFO - ::group::Post task execution logs
[2024-09-02T08:46:47.394+0000] {taskinstance.py:352} INFO - Marking task as SUCCESS. dag_id=dag_northwind, task_id=transform_data.staging_dim_customers.run, run_id=scheduled__2024-09-01T00:00:00+00:00, execution_date=20240901T000000, start_date=20240902T084457, end_date=20240902T084647
[2024-09-02T08:46:47.880+0000] {local_task_job_runner.py:261} INFO - Task exited with return code 0
[2024-09-02T08:46:48.091+0000] {taskinstance.py:3891} INFO - 1 downstream tasks scheduled from follow-on schedule check
[2024-09-02T08:46:48.096+0000] {local_task_job_runner.py:240} INFO - ::endgroup::
