[2024-09-02T08:44:57.584+0000] {local_task_job_runner.py:123} INFO - ::group::Pre task execution logs
[2024-09-02T08:44:57.989+0000] {taskinstance.py:2603} INFO - Dependencies all met for dep_context=non-requeueable deps ti=<TaskInstance: dag_northwind.transform_data.staging_dim_products.run scheduled__2024-09-01T00:00:00+00:00 [queued]>
[2024-09-02T08:44:58.186+0000] {taskinstance.py:2603} INFO - Dependencies all met for dep_context=requeueable deps ti=<TaskInstance: dag_northwind.transform_data.staging_dim_products.run scheduled__2024-09-01T00:00:00+00:00 [queued]>
[2024-09-02T08:44:58.186+0000] {taskinstance.py:2856} INFO - Starting attempt 2 of 4
[2024-09-02T08:44:58.487+0000] {taskinstance.py:2879} INFO - Executing <Task(DbtRunLocalOperator): transform_data.staging_dim_products.run> on 2024-09-01 00:00:00+00:00
[2024-09-02T08:44:58.497+0000] {logging_mixin.py:190} WARNING - /home/airflow/.local/lib/python3.12/site-packages/airflow/task/task_runner/standard_task_runner.py:70 DeprecationWarning: This process (pid=319) is multi-threaded, use of fork() may lead to deadlocks in the child.
[2024-09-02T08:44:58.497+0000] {standard_task_runner.py:72} INFO - Started process 328 to run task
[2024-09-02T08:44:58.497+0000] {standard_task_runner.py:104} INFO - Running: ['airflow', 'tasks', 'run', 'dag_northwind', 'transform_data.staging_dim_products.run', 'scheduled__2024-09-01T00:00:00+00:00', '--job-id', '11', '--raw', '--subdir', 'DAGS_FOLDER/dag_northwind.py', '--cfg-path', '/tmp/tmpkxcbvjhl']
[2024-09-02T08:44:58.498+0000] {standard_task_runner.py:105} INFO - Job 11: Subtask transform_data.staging_dim_products.run
[2024-09-02T08:44:59.083+0000] {task_command.py:467} INFO - Running <TaskInstance: dag_northwind.transform_data.staging_dim_products.run scheduled__2024-09-01T00:00:00+00:00 [running]> on host edf1a788419f
[2024-09-02T08:45:00.081+0000] {taskinstance.py:3122} INFO - Exporting env vars: AIRFLOW_CTX_DAG_OWNER='airflow' AIRFLOW_CTX_DAG_ID='dag_northwind' AIRFLOW_CTX_TASK_ID='transform_data.staging_dim_products.run' AIRFLOW_CTX_EXECUTION_DATE='2024-09-01T00:00:00+00:00' AIRFLOW_CTX_TRY_NUMBER='2' AIRFLOW_CTX_DAG_RUN_ID='scheduled__2024-09-01T00:00:00+00:00'
[2024-09-02T08:45:00.083+0000] {taskinstance.py:731} INFO - ::endgroup::
[2024-09-02T08:45:30.983+0000] {local.py:186} INFO - dbtRunner is available. Using dbtRunner for invoking dbt.
[2024-09-02T08:45:30.986+0000] {local.py:331} INFO - Cloning project to writable temp directory /tmp/tmp2_ffptdu from /opt/airflow/dbt/dbt-northwind-rds/northwind
[2024-09-02T08:45:30.987+0000] {local.py:342} INFO - Partial parse is enabled and the latest partial parse file is /tmp/cosmos/dag_northwind__transform_data/target/partial_parse.msgpack
[2024-09-02T08:45:31.186+0000] {config.py:320} INFO - Profile caching is enable.
[2024-09-02T08:45:31.386+0000] {base.py:84} INFO - Retrieving connection 'postgres_northwind_conn'
[2024-09-02T08:45:31.388+0000] {config.py:300} INFO - Profile found in cache using profile: /tmp/cosmos/profile/ea0ec41412b92407b31789c0ce4c41cea0a2df1cd220891a7703f93bcb509a09/profiles.yml.
[2024-09-02T08:45:31.388+0000] {local.py:303} INFO - Trying to run dbtRunner with:
 ['run', '--models', 'staging_dim_products', '--project-dir', '/tmp/tmp2_ffptdu', '--profiles-dir', '/tmp/cosmos/profile/ea0ec41412b92407b31789c0ce4c41cea0a2df1cd220891a7703f93bcb509a09', '--profile', 'northwind', '--target', 'prod']
 in /tmp/tmp2_ffptdu
[2024-09-02T08:45:32.786+0000] {logging_mixin.py:190} INFO - 08:45:32  Running with dbt=1.8.5
[2024-09-02T08:45:38.287+0000] {logging_mixin.py:190} INFO - 08:45:38  Registered adapter: postgres=1.8.2
[2024-09-02T08:45:41.089+0000] {logging_mixin.py:190} INFO - 08:45:41  Unable to do partial parsing because profile has changed
[2024-09-02T08:46:30.381+0000] {logging_mixin.py:190} INFO - 08:46:30  Found 17 models, 42 data tests, 14 sources, 417 macros
[2024-09-02T08:46:30.487+0000] {logging_mixin.py:190} INFO - 08:46:30
[2024-09-02T08:46:33.483+0000] {logging_mixin.py:190} INFO - 08:46:33  Concurrency: 1 threads (target='prod')
[2024-09-02T08:46:33.484+0000] {logging_mixin.py:190} INFO - 08:46:33
[2024-09-02T08:46:33.686+0000] {logging_mixin.py:190} INFO - 08:46:33  1 of 1 START sql table model northwind_staging.dim_products .................... [RUN]
[2024-09-02T08:46:36.889+0000] {logging_mixin.py:190} INFO - 08:46:36  1 of 1 OK created sql table model northwind_staging.dim_products ............... [SELECT 77 in 3.20s]
[2024-09-02T08:46:37.287+0000] {logging_mixin.py:190} INFO - 08:46:37
[2024-09-02T08:46:37.288+0000] {logging_mixin.py:190} INFO - 08:46:37  Finished running 1 table model in 0 hours 0 minutes and 6.80 seconds (6.80s).
[2024-09-02T08:46:38.190+0000] {logging_mixin.py:190} INFO - 08:46:38
[2024-09-02T08:46:38.191+0000] {logging_mixin.py:190} INFO - 08:46:38  Completed successfully
[2024-09-02T08:46:38.192+0000] {logging_mixin.py:190} INFO - 08:46:38
[2024-09-02T08:46:38.192+0000] {logging_mixin.py:190} INFO - 08:46:38  Done. PASS=1 WARN=0 ERROR=0 SKIP=0 TOTAL=1
[2024-09-02T08:46:39.389+0000] {local.py:196} WARNING - Artifact schema version: https://schemas.getdbt.com/dbt/manifest/v12.json is above dbt-ol supported version 7. This might cause errors.
[2024-09-02T08:46:39.390+0000] {local.py:196} WARNING - Artifact schema version: https://schemas.getdbt.com/dbt/run-results/v6.json is above dbt-ol supported version 5. This might cause errors.
[2024-09-02T08:46:45.381+0000] {local.py:389} INFO - Inlets: [Dataset(uri='postgres://192.177.0.3:5432/northwind.public.categories', extra=None), Dataset(uri='postgres://192.177.0.3:5432/northwind.public.products', extra=None)]
[2024-09-02T08:46:45.381+0000] {local.py:390} INFO - Outlets: [Dataset(uri='postgres://192.177.0.3:5432/northwind.northwind_staging.staging_dim_products', extra=None)]
[2024-09-02T08:46:45.382+0000] {dag.py:3211} INFO - Sync 1 DAGs
[2024-09-02T08:46:45.792+0000] {dag.py:4138} INFO - Setting next_dagrun for dag_northwind to 2024-09-02 00:00:00+00:00, run_after=2024-09-03 00:00:00+00:00
[2024-09-02T08:46:46.491+0000] {taskinstance.py:340} INFO - ::group::Post task execution logs
[2024-09-02T08:46:46.492+0000] {taskinstance.py:352} INFO - Marking task as SUCCESS. dag_id=dag_northwind, task_id=transform_data.staging_dim_products.run, run_id=scheduled__2024-09-01T00:00:00+00:00, execution_date=20240901T000000, start_date=20240902T084458, end_date=20240902T084646
[2024-09-02T08:46:46.982+0000] {local_task_job_runner.py:261} INFO - Task exited with return code 0
[2024-09-02T08:46:47.891+0000] {taskinstance.py:3891} INFO - 1 downstream tasks scheduled from follow-on schedule check
[2024-09-02T08:46:47.894+0000] {local_task_job_runner.py:240} INFO - ::endgroup::
